Build started 2015/4/20 13:39:09.
     1>Project "D:\Project Files\SemiBoostingTracker\SemiBoostingTracker\SemiBoostingTracker.vcxproj" on node 2 (Build target(s)).
     1>ClCompile:
         D:\Microsoft Visual Studio 12.0\VC\bin\CL.exe /c /ZI /nologo /W3 /WX- /Od /Oy- /D WIN32 /D _DEBUG /D _CONSOLE /D _LIB /Gm /EHsc /RTC1 /MDd /GS /fp:precise /Zc:wchar_t /Zc:forScope /Fo"Debug\\" /Fd"Debug\vc120.pdb" /Gd /TP /analyze- /errorReport:prompt /D _CRT_SECURE_NO_WARNINGS BaseClassifier.cpp Detector.cpp FeatureHaar.cpp ImageHandler.cpp ImageRepresentation.cpp ImageSource.cpp ImageSourceAVIFile.cpp ImageSourceDir.cpp ImageSourceUSBCam.cpp Patches.cpp SemiBoostingApplication.cpp SemiBoostingTracker.cpp StrongClassifier.cpp StrongClassifierDirectSelection.cpp StrongClassifierStandard.cpp StrongClassifierStandardSemi.cpp WeakClassifier.cpp WeakClassifierHaarFeature.cpp
         SemiBoostingApplication.cpp
     1>d:\project files\semiboostingtracker\semiboostingtracker\semiboostingapplication.cpp(113): warning C4996: 'access': The POSIX name for this item is deprecated. Instead, use the ISO C++ conformant name: _access. See online help for details.
                 d:\microsoft visual studio 12.0\vc\include\io.h(323) : see declaration of 'access'
     1>d:\project files\semiboostingtracker\semiboostingtracker\semiboostingapplication.cpp(239): warning C4996: 'kbhit': The POSIX name for this item is deprecated. Instead, use the ISO C++ conformant name: _kbhit. See online help for details.
                 d:\microsoft visual studio 12.0\vc\include\conio.h(133) : see declaration of 'kbhit'
     1>d:\project files\semiboostingtracker\semiboostingtracker\semiboostingapplication.cpp(372): warning C4996: 'kbhit': The POSIX name for this item is deprecated. Instead, use the ISO C++ conformant name: _kbhit. See online help for details.
                 d:\microsoft visual studio 12.0\vc\include\conio.h(133) : see declaration of 'kbhit'
         Generating Code...
         Compiling...
         WeakClassifierHaarFeature.cpp
         WeakClassifier.cpp
         StrongClassifierStandardSemi.cpp
         StrongClassifierStandard.cpp
         StrongClassifierDirectSelection.cpp
         StrongClassifier.cpp
         SemiBoostingTracker.cpp
         Patches.cpp
     1>d:\project files\semiboostingtracker\semiboostingtracker\patches.cpp(128): warning C4244: 'initializing' : conversion from 'double' to 'int', possible loss of data
     1>d:\project files\semiboostingtracker\semiboostingtracker\patches.cpp(129): warning C4244: 'initializing' : conversion from 'double' to 'int', possible loss of data
     1>d:\project files\semiboostingtracker\semiboostingtracker\patches.cpp(244): warning C4244: '=' : conversion from 'double' to 'int', possible loss of data
     1>d:\project files\semiboostingtracker\semiboostingtracker\patches.cpp(245): warning C4244: '=' : conversion from 'double' to 'int', possible loss of data
     1>d:\project files\semiboostingtracker\semiboostingtracker\patches.cpp(260): warning C4244: '=' : conversion from 'double' to 'int', possible loss of data
     1>d:\project files\semiboostingtracker\semiboostingtracker\patches.cpp(261): warning C4244: '=' : conversion from 'double' to 'int', possible loss of data
         ImageSourceUSBCam.cpp
         ImageSourceDir.cpp
         ImageSourceAVIFile.cpp
         ImageSource.cpp
         ImageRepresentation.cpp
     1>d:\project files\semiboostingtracker\semiboostingtracker\imagerepresentation.cpp(126): warning C4244: 'return' : conversion from '__int64' to 'long', possible loss of data
         ImageHandler.cpp
     1>d:\project files\semiboostingtracker\semiboostingtracker\imagehandler.cpp(184): warning C4244: 'initializing' : conversion from 'double' to 'int', possible loss of data
         FeatureHaar.cpp
     1>d:\project files\semiboostingtracker\semiboostingtracker\featurehaar.cpp(468): warning C4244: '=' : conversion from 'double' to 'int', possible loss of data
     1>d:\project files\semiboostingtracker\semiboostingtracker\featurehaar.cpp(469): warning C4244: '=' : conversion from 'double' to 'int', possible loss of data
     1>d:\project files\semiboostingtracker\semiboostingtracker\featurehaar.cpp(476): warning C4244: '=' : conversion from 'double' to 'int', possible loss of data
     1>d:\project files\semiboostingtracker\semiboostingtracker\featurehaar.cpp(477): warning C4244: '=' : conversion from 'double' to 'int', possible loss of data
         Detector.cpp
     1>d:\project files\semiboostingtracker\semiboostingtracker\detector.cpp(131): warning C4244: '=' : conversion from 'double' to 'float', possible loss of data
     1>d:\project files\semiboostingtracker\semiboostingtracker\detector.cpp(114): warning C4101: 'returnedInLayer' : unreferenced local variable
         BaseClassifier.cpp
         Generating Code...
       Link:
         D:\Microsoft Visual Studio 12.0\VC\bin\link.exe /ERRORREPORT:PROMPT /OUT:"D:\Project Files\SemiBoostingTracker\Debug\SemiBoostingTracker.exe" /INCREMENTAL /NOLOGO opencv_calib3d2411d.lib opencv_contrib2411d.lib opencv_core2411d.lib opencv_features2d2411d.lib opencv_flann2411d.lib opencv_gpu2411d.lib opencv_highgui2411d.lib opencv_imgproc2411d.lib opencv_legacy2411d.lib opencv_ml2411d.lib opencv_nonfree2411d.lib opencv_objdetect2411d.lib opencv_ocl2411d.lib opencv_photo2411d.lib opencv_stitching2411d.lib opencv_superres2411d.lib opencv_ts2411d.lib opencv_video2411d.lib opencv_videostab2411d.lib kernel32.lib user32.lib gdi32.lib winspool.lib comdlg32.lib advapi32.lib shell32.lib ole32.lib oleaut32.lib uuid.lib odbc32.lib odbccp32.lib /MANIFEST /MANIFESTUAC:"level='asInvoker' uiAccess='false'" /manifest:embed /DEBUG /PDB:"D:\Project Files\SemiBoostingTracker\Debug\SemiBoostingTracker.pdb" /SUBSYSTEM:CONSOLE /TLBID:1 /DYNAMICBASE /NXCOMPAT /IMPLIB:"D:\Project Files\SemiBoostingTracker\Debug\SemiBoostingTracker.lib" /MACHINE:X86 Debug\BaseClassifier.obj
         Debug\ClassifierThreshold.obj
         Debug\Detector.obj
         Debug\EstimatedGaussDistribution.obj
         Debug\FeatureHaar.obj
         Debug\ImageHandler.obj
         Debug\ImageRepresentation.obj
         Debug\ImageSource.obj
         Debug\ImageSourceAVIFile.obj
         Debug\ImageSourceDir.obj
         Debug\ImageSourceUSBCam.obj
         Debug\Patches.obj
         Debug\Regions.obj
         Debug\SemiBoostingApplication.obj
         Debug\SemiBoostingTracker.obj
         Debug\StrongClassifier.obj
         Debug\StrongClassifierDirectSelection.obj
         Debug\StrongClassifierStandard.obj
         Debug\StrongClassifierStandardSemi.obj
         Debug\WeakClassifier.obj
         Debug\WeakClassifierHaarFeature.obj
         SemiBoostingTracker.vcxproj -> D:\Project Files\SemiBoostingTracker\Debug\SemiBoostingTracker.exe
     1>Done Building Project "D:\Project Files\SemiBoostingTracker\SemiBoostingTracker\SemiBoostingTracker.vcxproj" (Build target(s)).

Build succeeded.

Time Elapsed 00:00:46.52
